<?xml version="1.0" encoding="UTF-8"?>
<testng-results ignored="0" total="1" passed="1" failed="0" skipped="0">
  <reporter-output>
  </reporter-output>
  <suite started-at="2023-04-06T00:28:27 EET" name="Surefire suite" finished-at="2023-04-06T00:28:37 EET" duration-ms="9826">
    <groups>
    </groups>
    <test started-at="2023-04-06T00:28:27 EET" name="Surefire test" finished-at="2023-04-06T00:28:37 EET" duration-ms="9826">
      <class name="com.tv.jawwy.subscribe.testcases.testcases.Test">
        <test-method signature="Test()[pri:0, instance:com.tv.jawwy.subscribe.testcases.testcases.Test@11a9e7c8]" started-at="2023-04-06T00:28:27 EET" name="Test" finished-at="2023-04-06T00:28:37 EET" duration-ms="9754" status="PASS">
          <reporter-output>
          </reporter-output>
        </test-method> <!-- Test -->
      </class> <!-- com.tv.jawwy.subscribe.testcases.testcases.Test -->
    </test> <!-- Surefire test -->
  </suite> <!-- Surefire suite -->
</testng-results>
